-------------------------------------------------------------------------------
Test set: TestSuite
-------------------------------------------------------------------------------
Tests run: 5, Failures: 1, Errors: 0, Skipped: 4, Time elapsed: 4.288 s <<< FAILURE! - in TestSuite
com.Flipkart.ECommerceTest.setUpPages  Time elapsed: 3.298 s  <<< FAILURE!
java.lang.NullPointerException: Cannot invoke "org.openqa.selenium.WebDriver.get(String)" because "this.driver" is null
	at com.Flipkart.ECommerceTest.setUpPages(ECommerceTest.java:21)

